[2025-11-07 18:32:04] INFO: User logged in: vivek756@gmail.com
[2025-11-07 18:32:35] INFO: Excel exported by: vivek756@gmail.com
[2025-11-07 18:39:54] INFO: User logged in: vikas@gmail.com
[2025-11-07 18:52:00] INFO: User logged in: vikas@gmail.com
[2025-11-07 19:01:17] INFO: User logged in: vikas@gmail.com
[2025-11-07 19:03:03] INFO: User logged in: vikas@gmail.com
[2025-11-07 19:10:22] INFO: User logged in: vikas@gmail.com
[2025-11-07 19:25:13] INFO: User logged in: vikas@gmail.com
[2025-11-10 12:43:01] INFO: User logged in: vikas@gmail.com
[2025-11-10 12:43:51] INFO: Excel exported by: vikas@gmail.com
[2025-11-11 20:24:36] INFO: User logged in: vivek756@gmail.com
[2025-11-11 20:34:02] INFO: User logged in: vivek756@gmail.com
[2025-11-11 22:52:00] INFO: User logged in: vivek756@gmail.com
[2025-11-11 22:52:12] INFO: Excel exported by: vivek756@gmail.com
[2025-11-12 15:02:24] INFO: User logged in: vivek756@gmail.com
[2025-11-12 15:07:40] INFO: User logged in: vivek756@gmail.com
[2025-11-12 15:14:00] INFO: User logged in: vivek756@gmail.com
[2025-11-12 15:25:36] INFO: User logged in: vikas@gmail.com
[2025-11-12 15:28:57] INFO: User logged in: vikas@gmail.com
[2025-11-12 15:30:15] INFO: User logged in: vivek756@gmail.com
[2025-11-12 22:15:40] INFO: User logged in: vivek756@gmail.com
[2025-11-13 14:56:23] INFO: User logged in: xyz@gmail.com
[2025-11-13 14:57:38] INFO: Excel exported by: xyz@gmail.com
[2025-11-16 19:03:08] INFO: User logged in: vivek756@gmail.com
[2025-11-16 19:04:04] INFO: User logged in: vivek756@gmail.com
[2025-11-16 19:05:38] INFO: Excel exported by: vivek756@gmail.com
[2025-11-16 19:05:57] INFO: Excel exported by: vivek756@gmail.com
